<?xml version="1.0" encoding="UTF-8"?>
<testng-results ignored="0" total="1" passed="1" failed="0" skipped="0">
  <reporter-output>
  </reporter-output>
  <suite started-at="2020-04-05T17:01:07 EDT" name="Default suite" finished-at="2020-04-05T17:01:08 EDT" duration-ms="782">
    <groups>
    </groups>
    <test started-at="2020-04-05T17:01:07 EDT" name="Default test" finished-at="2020-04-05T17:01:08 EDT" duration-ms="782">
      <class name="helper.TestBodyParamsUtils">
        <test-method signature="getTestCaseID()[pri:0, instance:helper.TestBodyParamsUtils@3246fb96]" started-at="2020-04-05T17:01:07 EDT" name="getTestCaseID" finished-at="2020-04-05T17:01:08 EDT" duration-ms="741" status="PASS">
          <reporter-output>
          </reporter-output>
        </test-method> <!-- getTestCaseID -->
      </class> <!-- helper.TestBodyParamsUtils -->
    </test> <!-- Default test -->
  </suite> <!-- Default suite -->
</testng-results>
